[0103/193830:ERROR:renderer_main.cc(203)] Running without renderer sandbox
[0103/193831:ERROR:child_discardable_shared_memory_manager.cc(266)] size: 4194304
[0103/193832:INFO:CONSOLE(1)] "%c
                     //
         \\         //
          \\       //
    ##DDDDDDDDDDDDDDDDDDDDDD##
    ## DDDDDDDDDDDDDDDDDDDD ##   ________   ___   ___        ___   ________   ___   ___        ___
    ## hh                hh ##   |\   __  \ |\  \ |\  \      |\  \ |\   __  \ |\  \ |\  \      |\  \
    ## hh    //    \\    hh ##   \ \  \|\ /_\ \  \\ \  \     \ \  \\ \  \|\ /_\ \  \\ \  \     \ \  \
    ## hh   //      \\   hh ##    \ \   __  \\ \  \\ \  \     \ \  \\ \   __  \\ \  \\ \  \     \ \  \
    ## hh                hh ##     \ \  \|\  \\ \  \\ \  \____ \ \  \\ \  \|\  \\ \  \\ \  \____ \ \  \
    ## hh      wwww      hh ##      \ \_______\\ \__\\ \_______\\ \__\\ \_______\\ \__\\ \_______\\ \__\
    ## hh                hh ##       \|_______| \|__| \|_______| \|__| \|_______| \|__| \|_______| \|__|
    ## MMMMMMMMMMMMMMMMMMMM ##
    ##MMMMMMMMMMMMMMMMMMMMMM##                             Release 2.5.1. Powered by jinkela-core 2.3.1.
         \/            \/", source: https://s1.hdslb.com/bfs/static/jinkela/videoplay/video.406cee7878545872b8dfbe73071d665dfb287c67.js (1)
[0103/193833:INFO:CONSOLE(112)] "Uncaught RangeError: Maximum call stack size exceeded", source:  (112)
[0103/193833:ERROR:child_discardable_shared_memory_manager.cc(266)] size: 15642624
[0103/193833:ERROR:child_discardable_shared_memory_manager.cc(266)] size: 4194304
[0103/193833:ERROR:child_discardable_shared_memory_manager.cc(266)] size: 4194304
[0103/193834:ERROR:child_discardable_shared_memory_manager.cc(266)] size: 15642624
[0103/193834:ERROR:audio_low_latency_output_win.cc(181)] Bailing out due to non-perfect timing.  Buffer size of 480 is not an even divisor of 1056
[0103/193837:ERROR:child_discardable_shared_memory_manager.cc(266)] size: 4194304
[0103/193838:ERROR:child_discardable_shared_memory_manager.cc(266)] size: 4194304
[0103/193840:ERROR:child_discardable_shared_memory_manager.cc(266)] size: 4194304
[0103/193842:ERROR:child_discardable_shared_memory_manager.cc(266)] size: 4194304
[0103/193846:ERROR:child_discardable_shared_memory_manager.cc(266)] size: 4194304
[0103/194403:ERROR:renderer_main.cc(203)] Running without renderer sandbox
[0103/194404:ERROR:child_discardable_shared_memory_manager.cc(266)] size: 4194304
[0103/194406:INFO:CONSOLE(112)] "Uncaught RangeError: Maximum call stack size exceeded", source:  (112)
[0103/194406:ERROR:audio_low_latency_output_win.cc(181)] Bailing out due to non-perfect timing.  Buffer size of 480 is not an even divisor of 1056
[0103/194407:ERROR:child_discardable_shared_memory_manager.cc(266)] size: 4194304
[0103/194411:INFO:CONSOLE(1)] "%c
                     //
         \\         //
          \\       //
    ##DDDDDDDDDDDDDDDDDDDDDD##
    ## DDDDDDDDDDDDDDDDDDDD ##   ________   ___   ___        ___   ________   ___   ___        ___
    ## hh                hh ##   |\   __  \ |\  \ |\  \      |\  \ |\   __  \ |\  \ |\  \      |\  \
    ## hh    //    \\    hh ##   \ \  \|\ /_\ \  \\ \  \     \ \  \\ \  \|\ /_\ \  \\ \  \     \ \  \
    ## hh   //      \\   hh ##    \ \   __  \\ \  \\ \  \     \ \  \\ \   __  \\ \  \\ \  \     \ \  \
    ## hh                hh ##     \ \  \|\  \\ \  \\ \  \____ \ \  \\ \  \|\  \\ \  \\ \  \____ \ \  \
    ## hh      wwww      hh ##      \ \_______\\ \__\\ \_______\\ \__\\ \_______\\ \__\\ \_______\\ \__\
    ## hh                hh ##       \|_______| \|__| \|_______| \|__| \|_______| \|__| \|_______| \|__|
    ## MMMMMMMMMMMMMMMMMMMM ##
    ##MMMMMMMMMMMMMMMMMMMMMM##                             Release 2.5.1. Powered by jinkela-core 2.3.1.
         \/            \/", source: https://s1.hdslb.com/bfs/static/jinkela/video/stardust-video.406cee7878545872b8dfbe73071d665dfb287c67.js (1)
[0103/194413:ERROR:child_discardable_shared_memory_manager.cc(266)] size: 4194304
[0103/200034:ERROR:renderer_main.cc(203)] Running without renderer sandbox
[0103/200035:ERROR:child_discardable_shared_memory_manager.cc(266)] size: 4194304
[0103/200037:INFO:CONSOLE(112)] "Uncaught RangeError: Maximum call stack size exceeded", source:  (112)
[0103/200038:ERROR:audio_low_latency_output_win.cc(181)] Bailing out due to non-perfect timing.  Buffer size of 480 is not an even divisor of 1056
